<component name="libraryTable">
  <library name="junit_junit-ijar_a89188f0">
    <CLASSES>
      <root url="jar:///private/var/tmp/_bazel_paul/5e277f55086300feb31d4d4d053b7c12/execroot/devoxx_bazel_sample/bazel-out/darwin-fastbuild/genfiles/external/junit_junit/jar/_ijar/jar/external/junit_junit/jar/junit_junit-ijar.jar!/" />
    </CLASSES>
    <JAVADOC />
    <SOURCES />
  </library>
</component>